{"E:\\Vue_NotJs\\青训营大项目\\reed-d\\components\\lib\\avatar\\src\\main.vue": {"path":"E:\\Vue_NotJs\\青训营大项目\\reed-d\\components\\lib\\avatar\\src\\main.vue","statementMap":{"0":{"start":{"line":5,"column":0},"end":{"line":7,"column":3}},"1":{"start":{"line":8,"column":12},"end":{"line":8,"column":26}},"2":{"start":{"line":9,"column":0},"end":{"line":80,"column":3}},"3":{"start":{"line":38,"column":13},"end":{"line":38,"column":18}},"4":{"start":{"line":39,"column":15},"end":{"line":39,"column":24}},"5":{"start":{"line":40,"column":13},"end":{"line":40,"column":20}},"6":{"start":{"line":41,"column":14},"end":{"line":41,"column":22}},"7":{"start":{"line":42,"column":16},"end":{"line":42,"column":26}},"8":{"start":{"line":43,"column":14},"end":{"line":43,"column":22}},"9":{"start":{"line":44,"column":11},"end":{"line":44,"column":16}},"10":{"start":{"line":45,"column":14},"end":{"line":45,"column":36}},"11":{"start":{"line":46,"column":21},"end":{"line":50,"column":6}},"12":{"start":{"line":47,"column":6},"end":{"line":49,"column":8}},"13":{"start":{"line":51,"column":21},"end":{"line":63,"column":6}},"14":{"start":{"line":52,"column":6},"end":{"line":62,"column":8}},"15":{"start":{"line":64,"column":18},"end":{"line":68,"column":6}},"16":{"start":{"line":65,"column":16},"end":{"line":65,"column":26}},"17":{"start":{"line":66,"column":6},"end":{"line":66,"column":68}},"18":{"start":{"line":66,"column":35},"end":{"line":66,"column":68}},"19":{"start":{"line":67,"column":6},"end":{"line":67,"column":17}},"20":{"start":{"line":69,"column":22},"end":{"line":71,"column":5}},"21":{"start":{"line":70,"column":6},"end":{"line":70,"column":54}},"22":{"start":{"line":72,"column":4},"end":{"line":78,"column":6}},"23":{"start":{"line":81,"column":0},"end":{"line":81,"column":13}},"24":{"start":{"line":82,"column":0},"end":{"line":82,"column":62}},"25":{"start":{"line":83,"column":0},"end":{"line":83,"column":24}},"26":{"start":{"line":84,"column":12},"end":{"line":84,"column":26}},"27":{"start":{"line":85,"column":17},"end":{"line":85,"column":24}},"28":{"start":{"line":87,"column":4},"end":{"line":108,"column":30}},"29":{"start":{"line":99,"column":35},"end":{"line":99,"column":37}},"30":{"start":{"line":100,"column":24},"end":{"line":102,"column":25}},"31":{"start":{"line":100,"column":38},"end":{"line":100,"column":39}},"32":{"start":{"line":101,"column":28},"end":{"line":101,"column":53}},"33":{"start":{"line":103,"column":24},"end":{"line":103,"column":88}},"34":{"start":{"line":110,"column":0},"end":{"line":110,"column":24}},"35":{"start":{"line":111,"column":1},"end":{"line":111,"column":48}}},"fnMap":{"0":{"name":"(anonymous_0)","decl":{"start":{"line":37,"column":9},"end":{"line":37,"column":10}},"loc":{"start":{"line":37,"column":26},"end":{"line":79,"column":3}},"line":37},"1":{"name":"(anonymous_1)","decl":{"start":{"line":46,"column":41},"end":{"line":46,"column":42}},"loc":{"start":{"line":46,"column":53},"end":{"line":50,"column":5}},"line":46},"2":{"name":"(anonymous_2)","decl":{"start":{"line":51,"column":41},"end":{"line":51,"column":42}},"loc":{"start":{"line":51,"column":53},"end":{"line":63,"column":5}},"line":51},"3":{"name":"(anonymous_3)","decl":{"start":{"line":64,"column":38},"end":{"line":64,"column":39}},"loc":{"start":{"line":64,"column":50},"end":{"line":68,"column":5}},"line":64},"4":{"name":"(anonymous_4)","decl":{"start":{"line":69,"column":22},"end":{"line":69,"column":23}},"loc":{"start":{"line":69,"column":34},"end":{"line":71,"column":5}},"line":69},"5":{"name":"render","decl":{"start":{"line":86,"column":9},"end":{"line":86,"column":15}},"loc":{"start":{"line":86,"column":30},"end":{"line":109,"column":1}},"line":86},"6":{"name":"(anonymous_6)","decl":{"start":{"line":98,"column":20},"end":{"line":98,"column":21}},"loc":{"start":{"line":98,"column":32},"end":{"line":104,"column":21}},"line":98}},"branchMap":{"0":{"loc":{"start":{"line":48,"column":22},"end":{"line":48,"column":57}},"type":"cond-expr","locations":[{"start":{"line":48,"column":43},"end":{"line":48,"column":48}},{"start":{"line":48,"column":51},"end":{"line":48,"column":57}}],"line":48},"1":{"loc":{"start":{"line":54,"column":16},"end":{"line":54,"column":52}},"type":"cond-expr","locations":[{"start":{"line":54,"column":26},"end":{"line":54,"column":47}},{"start":{"line":54,"column":50},"end":{"line":54,"column":52}}],"line":54},"2":{"loc":{"start":{"line":55,"column":19},"end":{"line":55,"column":49}},"type":"cond-expr","locations":[{"start":{"line":55,"column":27},"end":{"line":55,"column":44}},{"start":{"line":55,"column":47},"end":{"line":55,"column":49}}],"line":55},"3":{"loc":{"start":{"line":56,"column":22},"end":{"line":56,"column":57}},"type":"cond-expr","locations":[{"start":{"line":56,"column":43},"end":{"line":56,"column":48}},{"start":{"line":56,"column":51},"end":{"line":56,"column":57}}],"line":56},"4":{"loc":{"start":{"line":58,"column":15},"end":{"line":58,"column":49}},"type":"cond-expr","locations":[{"start":{"line":58,"column":32},"end":{"line":58,"column":39}},{"start":{"line":58,"column":42},"end":{"line":58,"column":49}}],"line":58},"5":{"loc":{"start":{"line":59,"column":15},"end":{"line":59,"column":67}},"type":"cond-expr","locations":[{"start":{"line":59,"column":41},"end":{"line":59,"column":62}},{"start":{"line":59,"column":65},"end":{"line":59,"column":67}}],"line":59},"6":{"loc":{"start":{"line":60,"column":16},"end":{"line":60,"column":68}},"type":"cond-expr","locations":[{"start":{"line":60,"column":42},"end":{"line":60,"column":63}},{"start":{"line":60,"column":66},"end":{"line":60,"column":68}}],"line":60},"7":{"loc":{"start":{"line":61,"column":20},"end":{"line":61,"column":72}},"type":"cond-expr","locations":[{"start":{"line":61,"column":46},"end":{"line":61,"column":67}},{"start":{"line":61,"column":70},"end":{"line":61,"column":72}}],"line":61},"8":{"loc":{"start":{"line":66,"column":6},"end":{"line":66,"column":68}},"type":"if","locations":[{"start":{"line":66,"column":6},"end":{"line":66,"column":68}},{"start":{},"end":{}}],"line":66},"9":{"loc":{"start":{"line":91,"column":8},"end":{"line":106,"column":57}},"type":"cond-expr","locations":[{"start":{"line":92,"column":15},"end":{"line":105,"column":71}},{"start":{"line":106,"column":14},"end":{"line":106,"column":57}}],"line":91},"10":{"loc":{"start":{"line":96,"column":25},"end":{"line":104,"column":22}},"type":"binary-expr","locations":[{"start":{"line":96,"column":25},"end":{"line":96,"column":34}},{"start":{"line":96,"column":39},"end":{"line":104,"column":21}}],"line":96},"11":{"loc":{"start":{"line":103,"column":32},"end":{"line":103,"column":86}},"type":"binary-expr","locations":[{"start":{"line":103,"column":32},"end":{"line":103,"column":48}},{"start":{"line":103,"column":52},"end":{"line":103,"column":86}}],"line":103}},"s":{"0":1,"1":1,"2":1,"3":2,"4":2,"5":2,"6":2,"7":2,"8":2,"9":2,"10":2,"11":2,"12":1,"13":2,"14":2,"15":2,"16":2,"17":2,"18":2,"19":2,"20":2,"21":0,"22":2,"23":1,"24":1,"25":1,"26":1,"27":1,"28":2,"29":0,"30":0,"31":0,"32":0,"33":0,"34":1,"35":1},"f":{"0":2,"1":1,"2":2,"3":2,"4":0,"5":2,"6":0},"b":{"0":[1,0],"1":[1,1],"2":[1,1],"3":[1,1],"4":[1,1],"5":[0,2],"6":[0,2],"7":[0,2],"8":[2,0],"9":[1,1],"10":[1,1],"11":[0,0]},"inputSourceMap":{"0":"{","1":"\"","2":"v","3":"e","4":"r","5":"s","6":"i","7":"o","8":"n","9":"\"","10":":","11":"3","12":",","13":"\"","14":"s","15":"o","16":"u","17":"r","18":"c","19":"e","20":"s","21":"\"","22":":","23":"[","24":"\"","25":"E","26":":","27":"\\","28":"\\","29":"V","30":"u","31":"e","32":"_","33":"N","34":"o","35":"t","36":"J","37":"s","38":"\\","39":"\\","40":"青","41":"训","42":"营","43":"大","44":"项","45":"目","46":"\\","47":"\\","48":"r","49":"e","50":"e","51":"d","52":"-","53":"d","54":"\\","55":"\\","56":"c","57":"o","58":"m","59":"p","60":"o","61":"n","62":"e","63":"n","64":"t","65":"s","66":"\\","67":"\\","68":"l","69":"i","70":"b","71":"\\","72":"\\","73":"a","74":"v","75":"a","76":"t","77":"a","78":"r","79":"\\","80":"\\","81":"s","82":"r","83":"c","84":"\\","85":"\\","86":"m","87":"a","88":"i","89":"n","90":".","91":"v","92":"u","93":"e","94":"\"","95":"]","96":",","97":"\"","98":"n","99":"a","100":"m","101":"e","102":"s","103":"\"","104":":","105":"[","106":"]","107":",","108":"\"","109":"m","110":"a","111":"p","112":"p","113":"i","114":"n","115":"g","116":"s","117":"\"","118":":","119":"\"","120":";","121":";","122":";","123":";","124":";","125":";","126":";","127":"A","128":"A","129":"O","130":"A","131":";","132":"A","133":"A","134":"I","135":"A","136":",","137":"k","138":"B","139":"A","140":"A","141":"e","142":",","143":"y","144":"B","145":"A","146":"A","147":"e","148":",","149":"E","150":"A","151":"A","152":"C","153":";","154":"E","155":"A","156":"C","157":"3","158":"B","159":",","160":"I","161":"A","162":"A","163":"I","164":",","165":"E","166":"A","167":"A","168":"E","169":",","170":"W","171":"A","172":"A","173":"W","174":";","175":"E","176":"A","177":"C","178":"j","179":"B","180":",","181":"K","182":"A","183":"A","184":"K","185":",","186":"E","187":"A","188":"A","189":"E","190":";","191":"I","192":"A","193":"C","194":"H","195":",","196":"I","197":"A","198":"A","199":"I","200":",","201":"E","202":"A","203":"A","204":"E","205":";","206":"M","207":"A","208":"C","209":"F","210":",","211":"I","212":"A","213":"A","214":"I","215":",","216":"E","217":"A","218":"A","219":"E","220":",","221":"C","222":"A","223":"A","224":"C","225":",","226":"M","227":"A","228":"A","229":"M","230":",","231":"E","232":"A","233":"A","234":"C","235":",","236":"M","237":"A","238":"A","239":"M","240":",","241":"C","242":"A","243":"A","244":"m","245":"B","246":";","247":"M","248":"A","249":"C","250":"v","251":"C","252":",","253":"O","254":"A","255":"A","256":"O","257":",","258":"E","259":"A","260":"A","261":"E","262":";","263":"K","264":"A","265":"C","266":"Z","267":";","268":"I","269":"A","270":"C","271":"D","272":",","273":"K","274":"A","275":"A","276":"K","277":",","278":"E","279":"A","280":"A","281":"E","282":";","283":"M","284":"A","285":"C","286":"H","287":",","288":"I","289":"A","290":"A","291":"I","292":",","293":"E","294":"A","295":"A","296":"E","297":",","298":"M","299":"A","300":"A","301":"y","302":"B","303":";","304":"M","305":"A","306":"C","307":"/","308":"B","309":",","310":"O","311":"A","312":"A","313":"O","314":",","315":"E","316":"A","317":"A","318":"E","319":";","320":"K","321":"A","322":"C","323":"Z","324":";","325":"I","326":"A","327":"C","328":"D","329":",","330":"M","331":"A","332":"A","333":"M","334":",","335":"E","336":"A","337":"A","338":"E","339":";","340":"M","341":"A","342":"C","343":"J","344":",","345":"I","346":"A","347":"A","348":"I","349":",","350":"E","351":"A","352":"A","353":"E","354":",","355":"M","356":"A","357":"A","358":"M","359":";","360":"M","361":"A","362":"C","363":"Z","364":",","365":"O","366":"A","367":"A","368":"O","369":",","370":"E","371":"A","372":"A","373":"E","374":";","375":"K","376":"A","377":"C","378":"Z","379":";","380":"I","381":"A","382":"C","383":"D","384":",","385":"O","386":"A","387":"A","388":"O","389":",","390":"E","391":"A","392":"A","393":"E","394":";","395":"M","396":"A","397":"C","398":"L","399":",","400":"I","401":"A","402":"A","403":"I","404":",","405":"E","406":"A","407":"A","408":"E","409":",","410":"M","411":"A","412":"A","413":"M","414":";","415":"M","416":"A","417":"C","418":"Z","419":",","420":"O","421":"A","422":"A","423":"O","424":",","425":"E","426":"A","427":"A","428":"E","429":";","430":"K","431":"A","432":"C","433":"Z","434":";","435":"I","436":"A","437":"C","438":"D","439":",","440":"K","441":"A","442":"A","443":"K","444":",","445":"E","446":"A","447":"A","448":"E","449":";","450":"M","451":"A","452":"C","453":"H","454":",","455":"I","456":"A","457":"A","458":"I","459":",","460":"E","461":"A","462":"A","463":"E","464":",","465":"O","466":"A","467":"A","468":"O","469":";","470":"M","471":"A","472":"C","473":"b","474":",","475":"O","476":"A","477":"A","478":"O","479":",","480":"E","481":"A","482":"A","483":"E","484":";","485":"K","486":"A","487":"C","488":"Z","489":";","490":"I","491":"A","492":"C","493":"D","494":",","495":"E","496":"A","497":"A","498":"E","499":",","500":"E","501":"A","502":"A","503":"E","504":";","505":"M","506":"A","507":"C","508":"A","509":",","510":"I","511":"A","512":"A","513":"I","514":",","515":"E","516":"A","517":"A","518":"E","519":",","520":"M","521":"A","522":"A","523":"M","524":";","525":"M","526":"A","527":"C","528":"Z","529":",","530":"O","531":"A","532":"A","533":"O","534":",","535":"E","536":"A","537":"A","538":"E","539":";","540":";","541":"G","542":"A","543":"E","544":"h","545":"B","546":";","547":"E","548":"A","549":"C","550":"D","551":",","552":"K","553":"A","554":"A","555":"K","556":",","557":"E","558":"A","559":"A","560":"L","561":",","562":"U","563":"A","564":"A","565":"M","566":",","567":"K","568":"A","569":"A","570":"K","571":";","572":"I","573":"A","574":"C","575":"D","576":",","577":"S","578":"A","579":"A","580":"w","581":"C","582":",","583":"K","584":"A","585":"A","586":"M","587":";","588":"M","589":"A","590":"A","591":"7","592":"C","593":",","594":"M","595":"A","596":"A","597":"M","598":";","599":"M","600":"A","601":"A","602":"C","603":",","604":"I","605":"A","606":"A","607":"I","608":";","609":"M","610":"A","611":"A","612":"C","613":",","614":"K","615":"A","616":"A","617":"K","618":";","619":"M","620":"A","621":"A","622":"C","623":",","624":"O","625":"A","626":"A","627":"O","628":";","629":"M","630":"A","631":"A","632":"C","633":",","634":"K","635":"A","636":"A","637":"K","638":";","639":"M","640":"A","641":"A","642":"C","643":",","644":"E","645":"A","646":"A","647":"E","648":",","649":"Q","650":"A","651":"A","652":"W","653":";","654":"I","655":"A","656":"C","657":"p","658":"D","659":",","660":"I","661":"A","662":"A","663":"M","664":",","665":"G","666":"A","667":"A","668":"G","669":",","670":"G","671":"A","672":"A","673":"G","674":",","675":"a","676":"A","677":"A","678":"G","679":",","680":"E","681":"A","682":"A","683":"m","684":"B","685":",","686":"M","687":"A","688":"A","689":"M","690":",","691":"C","692":"A","693":"A","694":"C","695":";","696":"I","697":"A","698":"C","699":"z","700":"C","701":",","702":"I","703":"A","704":"A","705":"M","706":",","707":"U","708":"A","709":"A","710":"U","711":",","712":"G","713":"A","714":"A","715":"G","716":",","717":"k","718":"B","719":"A","720":"A","721":"Q","722":",","723":"E","724":"A","725":"A","726":"C","727":";","728":"M","729":"A","730":"A","731":"M","732":",","733":"O","734":"A","735":"A","736":"C","737":";","738":"Q","739":"A","740":"C","741":"l","742":"C","743":",","744":"Y","745":"A","746":"A","747":"Y","748":",","749":"E","750":"A","751":"A","752":"E","753":",","754":"K","755":"A","756":"A","757":"K","758":",","759":"K","760":"A","761":"A","762":"K","763":",","764":"Q","765":"A","766":"A","767":"Q","768":",","769":"G","770":"A","771":"A","772":"E","773":",","774":"K","775":"A","776":"A","777":"K","778":",","779":"G","780":"A","781":"A","782":"C","783":";","784":"O","785":"A","786":"C","787":"x","788":"C","789":";","790":"I","791":"A","792":"F","793":"i","794":"C","795":",","796":"C","797":"A","798":"E","799":"h","800":"C","801":",","802":"C","803":"A","804":"A","805":"C","806":";","807":"I","808":"A","809":"C","810":"H","811":",","812":"I","813":"A","814":"A","815":"M","816":",","817":"U","818":"A","819":"A","820":"U","821":",","822":"G","823":"A","824":"A","825":"G","826":",","827":"k","828":"B","829":"A","830":"A","831":"Q","832":",","833":"E","834":"A","835":"A","836":"C","837":";","838":"M","839":"A","840":"A","841":"M","842":",","843":"O","844":"A","845":"A","846":"C","847":";","848":"Q","849":"A","850":"C","851":"/","852":"B","853":",","854":"O","855":"A","856":"A","857":"O","858":",","859":"E","860":"A","861":"A","862":"E","863":",","864":"U","865":"A","866":"A","867":"G","868":",","869":"O","870":"A","871":"A","872":"O","873":",","874":"O","875":"A","876":"A","877":"I","878":";","879":"Q","880":"A","881":"C","882":"v","883":"B","884":",","885":"M","886":"A","887":"A","888":"M","889":",","890":"E","891":"A","892":"A","893":"E","894":",","895":"O","896":"A","897":"A","898":"O","899":",","900":"G","901":"A","902":"A","903":"E","904":",","905":"q","906":"B","907":"A","908":"A","909":"q","910":"B","911":",","912":"G","913":"A","914":"A","915":"C","916":",","917":"E","918":"A","919":"A","920":"E","921":";","922":"Q","923":"A","924":"C","925":"z","926":"C","927":",","928":"S","929":"A","930":"A","931":"S","932":",","933":"E","934":"A","935":"A","936":"E","937":",","938":"K","939":"A","940":"A","941":"K","942":",","943":"G","944":"A","945":"A","946":"C","947":",","948":"i","949":"B","950":"A","951":"A","952":"i","953":"B","954":",","955":"G","956":"A","957":"A","958":"C","959":",","960":"E","961":"A","962":"A","963":"E","964":";","965":"Q","966":"A","967":"C","968":"r","969":"C","970":",","971":"Y","972":"A","973":"A","974":"Y","975":",","976":"E","977":"A","978":"A","979":"E","980":",","981":"K","982":"A","983":"A","984":"K","985":",","986":"K","987":"A","988":"A","989":"K","990":",","991":"Q","992":"A","993":"A","994":"Q","995":",","996":"G","997":"A","998":"A","999":"E","1000":",","1001":"K","1002":"A","1003":"A","1004":"K","1005":",","1006":"G","1007":"A","1008":"A","1009":"C","1010":",","1011":"M","1012":"A","1013":"A","1014":"M","1015":";","1016":"Q","1017":"A","1018":"C","1019":"9","1020":"C","1021":",","1022":"e","1023":"A","1024":"A","1025":"e","1026":",","1027":"E","1028":"A","1029":"A","1030":"E","1031":",","1032":"E","1033":"A","1034":"A","1035":"E","1036":";","1037":"Q","1038":"A","1039":"C","1040":"n","1041":"B","1042":",","1043":"K","1044":"A","1045":"A","1046":"K","1047":",","1048":"E","1049":"A","1050":"A","1051":"E","1052":",","1053":"E","1054":"A","1055":"A","1056":"E","1057":",","1058":"K","1059":"A","1060":"A","1061":"K","1062":",","1063":"O","1064":"A","1065":"A","1066":"O","1067":",","1068":"G","1069":"A","1070":"A","1071":"E","1072":",","1073":"O","1074":"A","1075":"A","1076":"O","1077":",","1078":"G","1079":"A","1080":"A","1081":"C","1082":",","1083":"O","1084":"A","1085":"A","1086":"O","1087":";","1088":"Q","1089":"A","1090":"C","1091":"t","1092":"C","1093":",","1094":"K","1095":"A","1096":"A","1097":"K","1098":",","1099":"E","1100":"A","1101":"A","1102":"E","1103":",","1104":"O","1105":"A","1106":"A","1107":"O","1108":",","1109":"I","1110":"A","1111":"A","1112":"I","1113":",","1114":"I","1115":"A","1116":"A","1117":"E","1118":",","1119":"Q","1120":"A","1121":"A","1122":"Q","1123":",","1124":"G","1125":"A","1126":"A","1127":"G","1128":",","1129":"U","1130":"A","1131":"A","1132":"G","1133":",","1134":"I","1135":"A","1136":"A","1137":"I","1138":",","1139":"O","1140":"A","1141":"A","1142":"I","1143":",","1144":"G","1145":"A","1146":"A","1147":"C","1148":",","1149":"E","1150":"A","1151":"A","1152":"E","1153":";","1154":"Q","1155":"A","1156":"C","1157":"7","1158":"C","1159":",","1160":"M","1161":"A","1162":"A","1163":"M","1164":",","1165":"E","1166":"A","1167":"A","1168":"E","1169":",","1170":"O","1171":"A","1172":"A","1173":"O","1174":",","1175":"I","1176":"A","1177":"A","1178":"I","1179":",","1180":"I","1181":"A","1182":"A","1183":"E","1184":",","1185":"Q","1186":"A","1187":"A","1188":"Q","1189":",","1190":"G","1191":"A","1192":"A","1193":"E","1194":",","1195":"U","1196":"A","1197":"A","1198":"G","1199":",","1200":"I","1201":"A","1202":"A","1203":"I","1204":",","1205":"O","1206":"A","1207":"A","1208":"I","1209":",","1210":"G","1211":"A","1212":"A","1213":"C","1214":",","1215":"E","1216":"A","1217":"A","1218":"E","1219":";","1220":"Q","1221":"A","1222":"C","1223":"7","1224":"C","1225":",","1226":"U","1227":"A","1228":"A","1229":"U","1230":",","1231":"E","1232":"A","1233":"A","1234":"E","1235":",","1236":"O","1237":"A","1238":"A","1239":"O","1240":",","1241":"I","1242":"A","1243":"A","1244":"I","1245":",","1246":"I","1247":"A","1248":"A","1249":"E","1250":",","1251":"Q","1252":"A","1253":"A","1254":"Q","1255":",","1256":"G","1257":"A","1258":"A","1259":"E","1260":",","1261":"U","1262":"A","1263":"A","1264":"G","1265":",","1266":"I","1267":"A","1268":"A","1269":"I","1270":",","1271":"O","1272":"A","1273":"A","1274":"I","1275":",","1276":"G","1277":"A","1278":"A","1279":"C","1280":";","1281":"O","1282":"A","1283":"C","1284":"l","1285":"D","1286":";","1287":"I","1288":"A","1289":"V","1290":"i","1291":"C","1292":",","1293":"C","1294":"A","1295":"U","1296":"h","1297":"C","1298":",","1299":"C","1300":"A","1301":"A","1302":"C","1303":";","1304":"I","1305":"A","1306":"C","1307":"H","1308":",","1309":"I","1310":"A","1311":"A","1312":"M","1313":",","1314":"O","1315":"A","1316":"A","1317":"O","1318":",","1319":"G","1320":"A","1321":"A","1322":"G","1323":",","1324":"k","1325":"B","1326":"A","1327":"A","1328":"Q","1329":",","1330":"E","1331":"A","1332":"A","1333":"C","1334":";","1335":"M","1336":"A","1337":"C","1338":"r","1339":"B","1340":",","1341":"I","1342":"A","1343":"A","1344":"I","1345":",","1346":"G","1347":"A","1348":"A","1349":"G","1350":",","1351":"G","1352":"A","1353":"A","1354":"G","1355":",","1356":"C","1357":"A","1358":"A","1359":"C","1360":",","1361":"Q","1362":"A","1363":"A","1364":"Q","1365":",","1366":"C","1367":"A","1368":"A","1369":"C","1370":";","1371":"M","1372":"A","1373":"C","1374":"p","1375":"B","1376":",","1377":"I","1378":"A","1379":"A","1380":"G","1381":",","1382":"O","1383":"A","1384":"A","1385":"O","1386":",","1387":"I","1388":"A","1389":"A","1390":"I","1391":",","1392":"I","1393":"A","1394":"A","1395":"G","1396":",","1397":"Q","1398":"A","1399":"A","1400":"Q","1401":",","1402":"E","1403":"A","1404":"C","1405":"r","1406":"B","1407":",","1408":"G","1409":"A","1410":"A","1411":"G","1412":",","1413":"C","1414":"A","1415":"A","1416":"C","1417":",","1418":"I","1419":"A","1420":"A","1421":"I","1422":",","1423":"C","1424":"A","1425":"A","1426":"C","1427":",","1428":"i","1429":"B","1430":"A","1431":"A","1432":"U","1433":",","1434":"I","1435":"A","1436":"A","1437":"I","1438":",","1439":"C","1440":"A","1441":"A","1442":"E","1443":",","1444":"C","1445":"A","1446":"A","1447":"C","1448":";","1449":"M","1450":"A","1451":"C","1452":"9","1453":"B","1454":",","1455":"O","1456":"A","1457":"A","1458":"O","1459":",","1460":"G","1461":"A","1462":"A","1463":"G","1464":";","1465":"I","1466":"A","1467":"C","1468":"d","1469":",","1470":"C","1471":"A","1472":"A","1473":"C","1474":",","1475":"C","1476":"A","1477":"A","1478":"C","1479":";","1480":"I","1481":"A","1482":"C","1483":"F","1484":",","1485":"I","1486":"A","1487":"A","1488":"M","1489":",","1490":"W","1491":"A","1492":"A","1493":"W","1494":",","1495":"G","1496":"A","1497":"A","1498":"G","1499":";","1500":"M","1501":"A","1502":"C","1503":"h","1504":"B","1505":",","1506":"G","1507":"A","1508":"A","1509":"G","1510":",","1511":"C","1512":"A","1513":"A","1514":"C","1515":",","1516":"K","1517":"A","1518":"A","1519":"K","1520":",","1521":"G","1522":"A","1523":"A","1524":"G","1525":",","1526":"O","1527":"A","1528":"A","1529":"O","1530":",","1531":"C","1532":"A","1533":"A","1534":"C","1535":",","1536":"0","1537":"B","1538":"A","1539":"A","1540":"0","1541":"B","1542":",","1543":"C","1544":"A","1545":"A","1546":"C","1547":";","1548":"I","1549":"A","1550":"C","1551":"n","1552":"D","1553":",","1554":"C","1555":"A","1556":"A","1557":"C","1558":";","1559":"I","1560":"A","1561":"C","1562":"D","1563":",","1564":"O","1565":"A","1566":"A","1567":"O","1568":";","1569":"M","1570":"A","1571":"C","1572":"H","1573":",","1574":"G","1575":"A","1576":"A","1577":"G","1578":";","1579":"M","1580":"A","1581":"C","1582":"H","1583":",","1584":"U","1585":"A","1586":"A","1587":"U","1588":";","1589":"M","1590":"A","1591":"C","1592":"V","1593":",","1594":"U","1595":"A","1596":"A","1597":"U","1598":";","1599":"M","1600":"A","1601":"C","1602":"V","1603":",","1604":"O","1605":"A","1606":"A","1607":"O","1608":";","1609":"M","1610":"A","1611":"C","1612":"P","1613":",","1614":"W","1615":"A","1616":"A","1617":"W","1618":";","1619":"K","1620":"A","1621":"C","1622":"d","1623":";","1624":"E","1625":"A","1626":"C","1627":"L","1628":";","1629":"C","1630":"A","1631":"C","1632":"H","1633":",","1634":"C","1635":"A","1636":"A","1637":"C","1638":"\"","1639":",","1640":"\"","1641":"f","1642":"i","1643":"l","1644":"e","1645":"\"","1646":":","1647":"\"","1648":"E","1649":":","1650":"\\","1651":"\\","1652":"V","1653":"u","1654":"e","1655":"_","1656":"N","1657":"o","1658":"t","1659":"J","1660":"s","1661":"\\","1662":"\\","1663":"青","1664":"训","1665":"营","1666":"大","1667":"项","1668":"目","1669":"\\","1670":"\\","1671":"r","1672":"e","1673":"e","1674":"d","1675":"-","1676":"d","1677":"\\","1678":"\\","1679":"c","1680":"o","1681":"m","1682":"p","1683":"o","1684":"n","1685":"e","1686":"n","1687":"t","1688":"s","1689":"\\","1690":"\\","1691":"l","1692":"i","1693":"b","1694":"\\","1695":"\\","1696":"a","1697":"v","1698":"a","1699":"t","1700":"a","1701":"r","1702":"\\","1703":"\\","1704":"s","1705":"r","1706":"c","1707":"\\","1708":"\\","1709":"m","1710":"a","1711":"i","1712":"n","1713":".","1714":"v","1715":"u","1716":"e","1717":"\"","1718":",","1719":"\"","1720":"s","1721":"o","1722":"u","1723":"r","1724":"c","1725":"e","1726":"s","1727":"C","1728":"o","1729":"n","1730":"t","1731":"e","1732":"n","1733":"t","1734":"\"","1735":":","1736":"[","1737":"\"","1738":"<","1739":"t","1740":"e","1741":"m","1742":"p","1743":"l","1744":"a","1745":"t","1746":"e","1747":">","1748":"\\","1749":"r","1750":"\\","1751":"n","1752":" ","1753":" ","1754":" ","1755":" ","1756":"<","1757":"d","1758":"i","1759":"v","1760":" ","1761":":","1762":"c","1763":"l","1764":"a","1765":"s","1766":"s","1767":"=","1768":"'","1769":"c","1770":"l","1771":"a","1772":"s","1773":"s","1774":"e","1775":"s","1776":"'","1777":" ","1778":":","1779":"s","1780":"t","1781":"y","1782":"l","1783":"e","1784":"=","1785":"\\","1786":"\"","1787":"d","1788":"i","1789":"v","1790":"_","1791":"s","1792":"t","1793":"y","1794":"l","1795":"e","1796":"s","1797":"\\","1798":"\"","1799":">","1800":"\\","1801":"r","1802":"\\","1803":"n","1804":" ","1805":" ","1806":" ","1807":" ","1808":" ","1809":" ","1810":" ","1811":" ","1812":"<","1813":"i","1814":"m","1815":"g","1816":" ","1817":"v","1818":"-","1819":"i","1820":"f","1821":"=","1822":"'","1823":"s","1824":"r","1825":"c","1826":"'","1827":" ","1828":":","1829":"s","1830":"r","1831":"c","1832":"=","1833":"'","1834":"s","1835":"r","1836":"c","1837":"'","1838":" ","1839":":","1840":"s","1841":"t","1842":"y","1843":"l","1844":"e","1845":"=","1846":"\\","1847":"\"","1848":"i","1849":"m","1850":"g","1851":"_","1852":"s","1853":"t","1854":"y","1855":"l","1856":"e","1857":"s","1858":"\\","1859":"\"","1860":" ","1861":" ","1862":"@","1863":"e","1864":"r","1865":"r","1866":"o","1867":"r","1868":"=","1869":"\\","1870":"\"","1871":"h","1872":"a","1873":"n","1874":"d","1875":"l","1876":"e","1877":"E","1878":"r","1879":"r","1880":"o","1881":"r","1882":"\\","1883":"\"","1884":" ","1885":"/","1886":">","1887":"\\","1888":"r","1889":"\\","1890":"n","1891":" ","1892":" ","1893":" ","1894":" ","1895":" ","1896":" ","1897":" ","1898":" ","1899":"<","1900":"s","1901":"l","1902":"o","1903":"t","1904":">","1905":"<","1906":"/","1907":"s","1908":"l","1909":"o","1910":"t","1911":">","1912":"\\","1913":"r","1914":"\\","1915":"n","1916":" ","1917":" ","1918":" ","1919":" ","1920":"<","1921":"/","1922":"d","1923":"i","1924":"v","1925":">","1926":"\\","1927":"r","1928":"\\","1929":"n","1930":"<","1931":"/","1932":"t","1933":"e","1934":"m","1935":"p","1936":"l","1937":"a","1938":"t","1939":"e","1940":">","1941":"\\","1942":"r","1943":"\\","1944":"n","1945":"<","1946":"s","1947":"c","1948":"r","1949":"i","1950":"p","1951":"t","1952":" ","1953":"l","1954":"a","1955":"n","1956":"g","1957":"=","1958":"'","1959":"t","1960":"s","1961":"'","1962":">","1963":"\\","1964":"r","1965":"\\","1966":"n","1967":"i","1968":"m","1969":"p","1970":"o","1971":"r","1972":"t","1973":" ","1974":"{","1975":" ","1976":"d","1977":"e","1978":"f","1979":"i","1980":"n","1981":"e","1982":"C","1983":"o","1984":"m","1985":"p","1986":"o","1987":"n","1988":"e","1989":"n","1990":"t","1991":",","1992":" ","1993":"c","1994":"o","1995":"m","1996":"p","1997":"u","1998":"t","1999":"e","2000":"d","2001":",","2002":" ","2003":"r","2004":"e","2005":"f","2006":" ","2007":"}","2008":" ","2009":"f","2010":"r","2011":"o","2012":"m","2013":" ","2014":"'","2015":"v","2016":"u","2017":"e","2018":"'","2019":"\\","2020":"r","2021":"\\","2022":"n","2023":"i","2024":"m","2025":"p","2026":"o","2027":"r","2028":"t","2029":" ","2030":"t","2031":"y","2032":"p","2033":"e","2034":" ","2035":"{","2036":" ","2037":"P","2038":"r","2039":"o","2040":"p","2041":"T","2042":"y","2043":"p","2044":"e","2045":" ","2046":"}","2047":" ","2048":"f","2049":"r","2050":"o","2051":"m","2052":" ","2053":"'","2054":"v","2055":"u","2056":"e","2057":"'","2058":"\\","2059":"r","2060":"\\","2061":"n","2062":" ","2063":"t","2064":"y","2065":"p","2066":"e","2067":" ","2068":"S","2069":"i","2070":"z","2071":"e","2072":" ","2073":"=","2074":" ","2075":"'","2076":"s","2077":"m","2078":"a","2079":"l","2080":"l","2081":"'","2082":"|","2083":"'","2084":"d","2085":"e","2086":"f","2087":"a","2088":"u","2089":"l","2090":"t","2091":"'","2092":"|","2093":"'","2094":"l","2095":"a","2096":"r","2097":"g","2098":"e","2099":"'","2100":"|","2101":"n","2102":"u","2103":"m","2104":"b","2105":"e","2106":"r","2107":"\\","2108":"r","2109":"\\","2110":"n","2111":" ","2112":"t","2113":"y","2114":"p","2115":"e","2116":" ","2117":"S","2118":"h","2119":"a","2120":"p","2121":"e","2122":" ","2123":"=","2124":" ","2125":"'","2126":"c","2127":"i","2128":"r","2129":"c","2130":"l","2131":"e","2132":"'","2133":"|","2134":"'","2135":"s","2136":"q","2137":"u","2138":"a","2139":"r","2140":"e","2141":"'","2142":"\\","2143":"r","2144":"\\","2145":"n","2146":"e","2147":"x","2148":"p","2149":"o","2150":"r","2151":"t","2152":" ","2153":"d","2154":"e","2155":"f","2156":"a","2157":"u","2158":"l","2159":"t","2160":" ","2161":"d","2162":"e","2163":"f","2164":"i","2165":"n","2166":"e","2167":"C","2168":"o","2169":"m","2170":"p","2171":"o","2172":"n","2173":"e","2174":"n","2175":"t","2176":"(","2177":"{","2178":"\\","2179":"r","2180":"\\","2181":"n","2182":" ","2183":" ","2184":" ","2185":" ","2186":"n","2187":"a","2188":"m","2189":"e","2190":":","2191":" ","2192":"'","2193":"r","2194":"d","2195":"-","2196":"a","2197":"v","2198":"a","2199":"t","2200":"a","2201":"r","2202":"'","2203":",","2204":"\\","2205":"r","2206":"\\","2207":"n","2208":" ","2209":" ","2210":" ","2211":" ","2212":"p","2213":"r","2214":"o","2215":"p","2216":"s","2217":":","2218":" ","2219":"{","2220":"\\","2221":"r","2222":"\\","2223":"n","2224":" ","2225":" ","2226":" ","2227":" ","2228":" ","2229":" ","2230":" ","2231":" ","2232":"s","2233":"i","2234":"z","2235":"e","2236":":","2237":" ","2238":"{","2239":"\\","2240":"r","2241":"\\","2242":"n","2243":" ","2244":" ","2245":" ","2246":" ","2247":" ","2248":" ","2249":" ","2250":" ","2251":" ","2252":" ","2253":" ","2254":" ","2255":"t","2256":"y","2257":"p","2258":"e","2259":":","2260":" ","2261":"[","2262":"S","2263":"t","2264":"r","2265":"i","2266":"n","2267":"g","2268":",","2269":"N","2270":"u","2271":"m","2272":"b","2273":"e","2274":"r","2275":"]","2276":" ","2277":"a","2278":"s","2279":" ","2280":"P","2281":"r","2282":"o","2283":"p","2284":"T","2285":"y","2286":"p","2287":"e","2288":"<","2289":"S","2290":"i","2291":"z","2292":"e","2293":">","2294":",","2295":"\\","2296":"r","2297":"\\","2298":"n","2299":" ","2300":" ","2301":" ","2302":" ","2303":" ","2304":" ","2305":" ","2306":" ","2307":" ","2308":" ","2309":" ","2310":" ","2311":"d","2312":"e","2313":"f","2314":"a","2315":"u","2316":"l","2317":"t","2318":":","2319":" ","2320":"'","2321":"d","2322":"e","2323":"f","2324":"a","2325":"u","2326":"l","2327":"t","2328":"'","2329":"\\","2330":"r","2331":"\\","2332":"n","2333":" ","2334":" ","2335":" ","2336":" ","2337":" ","2338":" ","2339":" ","2340":" ","2341":"}","2342":",","2343":"\\","2344":"r","2345":"\\","2346":"n","2347":" ","2348":" ","2349":" ","2350":" ","2351":" ","2352":" ","2353":" ","2354":" ","2355":"s","2356":"h","2357":"a","2358":"p","2359":"e","2360":":","2361":" ","2362":"{","2363":"\\","2364":"r","2365":"\\","2366":"n","2367":" ","2368":" ","2369":" ","2370":" ","2371":" ","2372":" ","2373":" ","2374":" ","2375":" ","2376":" ","2377":" ","2378":" ","2379":"t","2380":"y","2381":"p","2382":"e","2383":":","2384":" ","2385":"S","2386":"t","2387":"r","2388":"i","2389":"n","2390":"g","2391":" ","2392":"a","2393":"s","2394":" ","2395":"P","2396":"r","2397":"o","2398":"p","2399":"T","2400":"y","2401":"p","2402":"e","2403":"<","2404":"S","2405":"h","2406":"a","2407":"p","2408":"e","2409":">","2410":",","2411":"\\","2412":"r","2413":"\\","2414":"n","2415":" ","2416":" ","2417":" ","2418":" ","2419":" ","2420":" ","2421":" ","2422":" ","2423":" ","2424":" ","2425":" ","2426":" ","2427":"d","2428":"e","2429":"f","2430":"a","2431":"u","2432":"l","2433":"t","2434":":","2435":" ","2436":"'","2437":"c","2438":"i","2439":"r","2440":"c","2441":"l","2442":"e","2443":"'","2444":"\\","2445":"r","2446":"\\","2447":"n","2448":" ","2449":" ","2450":" ","2451":" ","2452":" ","2453":" ","2454":" ","2455":" ","2456":"}","2457":",","2458":"\\","2459":"r","2460":"\\","2461":"n","2462":" ","2463":" ","2464":" ","2465":" ","2466":" ","2467":" ","2468":" ","2469":" ","2470":"i","2471":"m","2472":"g","2473":"S","2474":"r","2475":"c","2476":":","2477":" ","2478":"{","2479":"\\","2480":"r","2481":"\\","2482":"n","2483":" ","2484":" ","2485":" ","2486":" ","2487":" ","2488":" ","2489":" ","2490":" ","2491":" ","2492":" ","2493":" ","2494":" ","2495":"t","2496":"y","2497":"p","2498":"e","2499":":","2500":" ","2501":"S","2502":"t","2503":"r","2504":"i","2505":"n","2506":"g","2507":",","2508":"\\","2509":"r","2510":"\\","2511":"n","2512":" ","2513":" ","2514":" ","2515":" ","2516":" ","2517":" ","2518":" ","2519":" ","2520":" ","2521":" ","2522":" ","2523":" ","2524":"r","2525":"e","2526":"q","2527":"u","2528":"i","2529":"r","2530":"e","2531":":","2532":" ","2533":"f","2534":"a","2535":"l","2536":"s","2537":"e","2538":"\\","2539":"r","2540":"\\","2541":"n","2542":" ","2543":" ","2544":" ","2545":" ","2546":" ","2547":" ","2548":" ","2549":" ","2550":"}","2551":",","2552":"\\","2553":"r","2554":"\\","2555":"n","2556":" ","2557":" ","2558":" ","2559":" ","2560":" ","2561":" ","2562":" ","2563":" ","2564":"p","2565":"a","2566":"d","2567":"d","2568":"i","2569":"n","2570":"g","2571":":","2572":" ","2573":"{","2574":"\\","2575":"r","2576":"\\","2577":"n","2578":" ","2579":" ","2580":" ","2581":" ","2582":" ","2583":" ","2584":" ","2585":" ","2586":" ","2587":" ","2588":" ","2589":" ","2590":"t","2591":"y","2592":"p","2593":"e","2594":":","2595":" ","2596":"N","2597":"u","2598":"m","2599":"b","2600":"e","2601":"r","2602":",","2603":"\\","2604":"r","2605":"\\","2606":"n","2607":" ","2608":" ","2609":" ","2610":" ","2611":" ","2612":" ","2613":" ","2614":" ","2615":" ","2616":" ","2617":" ","2618":" ","2619":"d","2620":"e","2621":"f","2622":"a","2623":"u","2624":"l","2625":"t","2626":":","2627":" ","2628":"0","2629":"\\","2630":"r","2631":"\\","2632":"n","2633":" ","2634":" ","2635":" ","2636":" ","2637":" ","2638":" ","2639":" ","2640":" ","2641":"}","2642":",","2643":"\\","2644":"r","2645":"\\","2646":"n","2647":" ","2648":" ","2649":" ","2650":" ","2651":" ","2652":" ","2653":" ","2654":" ","2655":"s","2656":"h","2657":"a","2658":"d","2659":"e","2660":":","2661":" ","2662":"{","2663":"\\","2664":"r","2665":"\\","2666":"n","2667":" ","2668":" ","2669":" ","2670":" ","2671":" ","2672":" ","2673":" ","2674":" ","2675":" ","2676":" ","2677":" ","2678":" ","2679":"t","2680":"y","2681":"p","2682":"e","2683":":","2684":" ","2685":"B","2686":"o","2687":"o","2688":"l","2689":"e","2690":"a","2691":"n","2692":",","2693":"\\","2694":"r","2695":"\\","2696":"n","2697":" ","2698":" ","2699":" ","2700":" ","2701":" ","2702":" ","2703":" ","2704":" ","2705":" ","2706":" ","2707":" ","2708":" ","2709":"d","2710":"e","2711":"f","2712":"a","2713":"u","2714":"l","2715":"t","2716":":","2717":" ","2718":"f","2719":"a","2720":"l","2721":"s","2722":"e","2723":"\\","2724":"r","2725":"\\","2726":"n","2727":" ","2728":" ","2729":" ","2730":" ","2731":" ","2732":" ","2733":" ","2734":" ","2735":"}","2736":",","2737":"\\","2738":"r","2739":"\\","2740":"n","2741":" ","2742":" ","2743":" ","2744":" ","2745":" ","2746":" ","2747":" ","2748":" ","2749":"b","2750":"g","2751":":","2752":" ","2753":"{","2754":"\\","2755":"r","2756":"\\","2757":"n","2758":" ","2759":" ","2760":" ","2761":" ","2762":" ","2763":" ","2764":" ","2765":" ","2766":" ","2767":" ","2768":" ","2769":" ","2770":"t","2771":"y","2772":"p","2773":"e","2774":":","2775":" ","2776":"S","2777":"t","2778":"r","2779":"i","2780":"n","2781":"g","2782":",","2783":"\\","2784":"r","2785":"\\","2786":"n","2787":" ","2788":" ","2789":" ","2790":" ","2791":" ","2792":" ","2793":" ","2794":" ","2795":" ","2796":" ","2797":" ","2798":" ","2799":"d","2800":"e","2801":"f","2802":"a","2803":"u","2804":"l","2805":"t","2806":":","2807":" ","2808":"'","2809":"w","2810":"h","2811":"i","2812":"t","2813":"e","2814":"'","2815":"\\","2816":"r","2817":"\\","2818":"n","2819":" ","2820":" ","2821":" ","2822":" ","2823":" ","2824":" ","2825":" ","2826":" ","2827":"}","2828":"\\","2829":"r","2830":"\\","2831":"n","2832":" ","2833":" ","2834":" ","2835":" ","2836":"}","2837":",","2838":"\\","2839":"r","2840":"\\","2841":"n","2842":" ","2843":" ","2844":" ","2845":" ","2846":"s","2847":"e","2848":"t","2849":"u","2850":"p","2851":"(","2852":"p","2853":"r","2854":"o","2855":"p","2856":"s","2857":")","2858":"{","2859":"\\","2860":"r","2861":"\\","2862":"n","2863":" ","2864":" ","2865":" ","2866":" ","2867":" ","2868":" ","2869":" ","2870":" ","2871":"c","2872":"o","2873":"n","2874":"s","2875":"t","2876":" ","2877":"{","2878":"i","2879":"m","2880":"g","2881":"S","2882":"r","2883":"c","2884":",","2885":"s","2886":"i","2887":"z","2888":"e","2889":",","2890":"s","2891":"h","2892":"a","2893":"p","2894":"e","2895":",","2896":"p","2897":"a","2898":"d","2899":"d","2900":"i","2901":"n","2902":"g","2903":",","2904":"s","2905":"h","2906":"a","2907":"d","2908":"e","2909":",","2910":"b","2911":"g","2912":"}","2913":" ","2914":"=","2915":" ","2916":"(","2917":"p","2918":"r","2919":"o","2920":"p","2921":"s","2922":")","2923":"\\","2924":"r","2925":"\\","2926":"n","2927":" ","2928":" ","2929":" ","2930":" ","2931":" ","2932":" ","2933":" ","2934":" ","2935":"c","2936":"o","2937":"n","2938":"s","2939":"t","2940":" ","2941":"s","2942":"r","2943":"c","2944":" ","2945":"=","2946":" ","2947":"r","2948":"e","2949":"f","2950":"<","2951":"s","2952":"t","2953":"r","2954":"i","2955":"n","2956":"g","2957":"|","2958":"u","2959":"n","2960":"d","2961":"e","2962":"f","2963":"i","2964":"n","2965":"e","2966":"d","2967":">","2968":"(","2969":"i","2970":"m","2971":"g","2972":"S","2973":"r","2974":"c","2975":")","2976":"\\","2977":"r","2978":"\\","2979":"n","2980":" ","2981":" ","2982":" ","2983":" ","2984":" ","2985":" ","2986":" ","2987":" ","2988":"c","2989":"o","2990":"n","2991":"s","2992":"t","2993":" ","2994":"i","2995":"m","2996":"g","2997":"_","2998":"s","2999":"t","3000":"y","3001":"l","3002":"e","3003":"s","3004":" ","3005":"=","3006":" ","3007":"c","3008":"o","3009":"m","3010":"p","3011":"u","3012":"t","3013":"e","3014":"d","3015":"(","3016":"(","3017":")","3018":" ","3019":"=","3020":">","3021":" ","3022":"(","3023":"{","3024":"\\","3025":"r","3026":"\\","3027":"n","3028":" ","3029":" ","3030":" ","3031":" ","3032":" ","3033":" ","3034":" ","3035":" ","3036":" ","3037":"b","3038":"o","3039":"r","3040":"d","3041":"e","3042":"r","3043":"R","3044":"a","3045":"d","3046":"i","3047":"u","3048":"s","3049":":","3050":" ","3051":"s","3052":"h","3053":"a","3054":"p","3055":"e","3056":" ","3057":"=","3058":"=","3059":"=","3060":" ","3061":"'","3062":"s","3063":"q","3064":"u","3065":"a","3066":"r","3067":"e","3068":"'","3069":"?","3070":" ","3071":"'","3072":"0","3073":"p","3074":"x","3075":"'","3076":":","3077":"'","3078":"1","3079":"0","3080":"0","3081":"%","3082":"'","3083":" ","3084":"\\","3085":"r","3086":"\\","3087":"n","3088":" ","3089":" ","3090":" ","3091":" ","3092":" ","3093":" ","3094":" ","3095":" ","3096":"}","3097":")","3098":")","3099":"\\","3100":"r","3101":"\\","3102":"n","3103":" ","3104":" ","3105":" ","3106":" ","3107":" ","3108":" ","3109":" ","3110":" ","3111":"c","3112":"o","3113":"n","3114":"s","3115":"t","3116":" ","3117":"d","3118":"i","3119":"v","3120":"_","3121":"s","3122":"t","3123":"y","3124":"l","3125":"e","3126":"s","3127":" ","3128":"=","3129":" ","3130":"c","3131":"o","3132":"m","3133":"p","3134":"u","3135":"t","3136":"e","3137":"d","3138":"(","3139":"(","3140":")","3141":" ","3142":"=","3143":">","3144":" ","3145":"(","3146":"{","3147":"\\","3148":"r","3149":"\\","3150":"n","3151":" ","3152":" ","3153":" ","3154":" ","3155":" ","3156":" ","3157":" ","3158":" ","3159":" ","3160":" ","3161":" ","3162":" ","3163":"p","3164":"a","3165":"d","3166":"d","3167":"i","3168":"n","3169":"g","3170":":","3171":" ","3172":"`","3173":"$","3174":"{","3175":"p","3176":"a","3177":"d","3178":"d","3179":"i","3180":"n","3181":"g","3182":"}","3183":"p","3184":"x","3185":"`","3186":",","3187":"\\","3188":"r","3189":"\\","3190":"n","3191":" ","3192":" ","3193":" ","3194":" ","3195":" ","3196":" ","3197":" ","3198":" ","3199":" ","3200":" ","3201":" ","3202":" ","3203":"b","3204":"o","3205":"r","3206":"d","3207":"e","3208":"r","3209":":","3210":" ","3211":"p","3212":"a","3213":"d","3214":"d","3215":"i","3216":"n","3217":"g","3218":"?","3219":" ","3220":"'","3221":"1","3222":"p","3223":"x","3224":" ","3225":"s","3226":"o","3227":"l","3228":"i","3229":"d","3230":" ","3231":"l","3232":"i","3233":"g","3234":"h","3235":"t","3236":"g","3237":"r","3238":"a","3239":"y","3240":"'","3241":":","3242":"'","3243":"'","3244":",","3245":"\\","3246":"r","3247":"\\","3248":"n","3249":" ","3250":" ","3251":" ","3252":" ","3253":" ","3254":" ","3255":" ","3256":" ","3257":" ","3258":" ","3259":" ","3260":" ","3261":"b","3262":"o","3263":"x","3264":"S","3265":"h","3266":"a","3267":"d","3268":"o","3269":"w","3270":":","3271":" ","3272":"s","3273":"h","3274":"a","3275":"d","3276":"e","3277":"?","3278":"`","3279":"0","3280":" ","3281":"0","3282":" ","3283":"2","3284":"0","3285":"p","3286":"x","3287":" ","3288":"0","3289":" ","3290":"g","3291":"r","3292":"a","3293":"y","3294":"`","3295":":","3296":"'","3297":"'","3298":",","3299":"\\","3300":"r","3301":"\\","3302":"n","3303":" ","3304":" ","3305":" ","3306":" ","3307":" ","3308":" ","3309":" ","3310":" ","3311":" ","3312":" ","3313":" ","3314":" ","3315":"b","3316":"o","3317":"r","3318":"d","3319":"e","3320":"r","3321":"R","3322":"a","3323":"d","3324":"i","3325":"u","3326":"s","3327":":","3328":" ","3329":"s","3330":"h","3331":"a","3332":"p","3333":"e","3334":" ","3335":"=","3336":"=","3337":"=","3338":" ","3339":"'","3340":"s","3341":"q","3342":"u","3343":"a","3344":"r","3345":"e","3346":"'","3347":"?","3348":" ","3349":"'","3350":"0","3351":"p","3352":"x","3353":"'","3354":":","3355":"'","3356":"1","3357":"0","3358":"0","3359":"%","3360":"'","3361":",","3362":"\\","3363":"r","3364":"\\","3365":"n","3366":" ","3367":" ","3368":" ","3369":" ","3370":" ","3371":" ","3372":" ","3373":" ","3374":" ","3375":" ","3376":" ","3377":" ","3378":"b","3379":"a","3380":"c","3381":"k","3382":"g","3383":"r","3384":"o","3385":"u","3386":"n","3387":"d","3388":"C","3389":"o","3390":"l","3391":"o","3392":"r","3393":":","3394":" ","3395":"b","3396":"g","3397":",","3398":"\\","3399":"r","3400":"\\","3401":"n","3402":" ","3403":" ","3404":" ","3405":" ","3406":" ","3407":" ","3408":" ","3409":" ","3410":" ","3411":" ","3412":" ","3413":" ","3414":"c","3415":"o","3416":"l","3417":"o","3418":"r","3419":":","3420":" ","3421":"b","3422":"g","3423":" ","3424":"=","3425":"=","3426":"=","3427":" ","3428":"'","3429":"w","3430":"h","3431":"i","3432":"t","3433":"e","3434":"'","3435":"?","3436":" ","3437":"'","3438":"b","3439":"l","3440":"a","3441":"c","3442":"k","3443":"'","3444":":","3445":"'","3446":"w","3447":"h","3448":"i","3449":"t","3450":"e","3451":"'","3452":",","3453":"\\","3454":"r","3455":"\\","3456":"n","3457":" ","3458":" ","3459":" ","3460":" ","3461":" ","3462":" ","3463":" ","3464":" ","3465":" ","3466":" ","3467":" ","3468":" ","3469":"w","3470":"i","3471":"d","3472":"t","3473":"h","3474":":","3475":" ","3476":"t","3477":"y","3478":"p","3479":"e","3480":"o","3481":"f","3482":" ","3483":"s","3484":"i","3485":"z","3486":"e","3487":"=","3488":"=","3489":"'","3490":"n","3491":"u","3492":"m","3493":"b","3494":"e","3495":"r","3496":"'","3497":" ","3498":"?","3499":" ","3500":"`","3501":"$","3502":"{","3503":"s","3504":"i","3505":"z","3506":"e","3507":"}","3508":"p","3509":"x","3510":"`","3511":":","3512":"'","3513":"'","3514":",","3515":"\\","3516":"r","3517":"\\","3518":"n","3519":" ","3520":" ","3521":" ","3522":" ","3523":" ","3524":" ","3525":" ","3526":" ","3527":" ","3528":" ","3529":" ","3530":" ","3531":"h","3532":"e","3533":"i","3534":"g","3535":"h","3536":"t","3537":":","3538":" ","3539":"t","3540":"y","3541":"p","3542":"e","3543":"o","3544":"f","3545":" ","3546":"s","3547":"i","3548":"z","3549":"e","3550":"=","3551":"=","3552":"'","3553":"n","3554":"u","3555":"m","3556":"b","3557":"e","3558":"r","3559":"'","3560":"?","3561":" ","3562":"`","3563":"$","3564":"{","3565":"s","3566":"i","3567":"z","3568":"e","3569":"}","3570":"p","3571":"x","3572":"`","3573":":","3574":"'","3575":"'","3576":",","3577":"\\","3578":"r","3579":"\\","3580":"n","3581":" ","3582":" ","3583":" ","3584":" ","3585":" ","3586":" ","3587":" ","3588":" ","3589":" ","3590":" ","3591":" ","3592":" ","3593":"l","3594":"i","3595":"n","3596":"e","3597":"H","3598":"e","3599":"i","3600":"g","3601":"h","3602":"t","3603":":","3604":" ","3605":"t","3606":"y","3607":"p","3608":"e","3609":"o","3610":"f","3611":" ","3612":"s","3613":"i","3614":"z","3615":"e","3616":"=","3617":"=","3618":"'","3619":"n","3620":"u","3621":"m","3622":"b","3623":"e","3624":"r","3625":"'","3626":"?","3627":" ","3628":"`","3629":"$","3630":"{","3631":"s","3632":"i","3633":"z","3634":"e","3635":"}","3636":"p","3637":"x","3638":"`","3639":":","3640":"'","3641":"'","3642":"\\","3643":"r","3644":"\\","3645":"n","3646":" ","3647":" ","3648":" ","3649":" ","3650":" ","3651":" ","3652":" ","3653":" ","3654":"}","3655":")","3656":")","3657":"\\","3658":"r","3659":"\\","3660":"n","3661":" ","3662":" ","3663":" ","3664":" ","3665":" ","3666":" ","3667":" ","3668":" ","3669":"c","3670":"o","3671":"n","3672":"s","3673":"t","3674":" ","3675":"c","3676":"l","3677":"a","3678":"s","3679":"s","3680":"e","3681":"s","3682":" ","3683":"=","3684":" ","3685":"c","3686":"o","3687":"m","3688":"p","3689":"u","3690":"t","3691":"e","3692":"d","3693":"(","3694":"(","3695":")","3696":"=","3697":">","3698":"{","3699":"\\","3700":"r","3701":"\\","3702":"n","3703":" ","3704":" ","3705":" ","3706":" ","3707":" ","3708":" ","3709":" ","3710":" ","3711":" ","3712":" ","3713":" ","3714":" ","3715":"l","3716":"e","3717":"t","3718":" ","3719":"a","3720":"r","3721":"r","3722":" ","3723":"=","3724":" ","3725":"[","3726":"'","3727":"a","3728":"v","3729":"a","3730":"t","3731":"a","3732":"r","3733":"'","3734":"]","3735":"\\","3736":"r","3737":"\\","3738":"n","3739":" ","3740":" ","3741":" ","3742":" ","3743":" ","3744":" ","3745":" ","3746":" ","3747":" ","3748":" ","3749":" ","3750":" ","3751":"i","3752":"f","3753":"(","3754":"t","3755":"y","3756":"p","3757":"e","3758":"o","3759":"f","3760":" ","3761":"s","3762":"i","3763":"z","3764":"e","3765":" ","3766":"=","3767":"=","3768":"'","3769":"s","3770":"t","3771":"r","3772":"i","3773":"n","3774":"g","3775":"'","3776":")","3777":"\\","3778":"r","3779":"\\","3780":"n","3781":" ","3782":" ","3783":" ","3784":" ","3785":" ","3786":" ","3787":" ","3788":" ","3789":" ","3790":" ","3791":" ","3792":" ","3793":" ","3794":" ","3795":" ","3796":" ","3797":"a","3798":"r","3799":"r","3800":".","3801":"p","3802":"u","3803":"s","3804":"h","3805":"(","3806":"`","3807":"a","3808":"v","3809":"a","3810":"t","3811":"a","3812":"r","3813":"-","3814":"$","3815":"{","3816":"s","3817":"i","3818":"z","3819":"e","3820":"}","3821":"`","3822":")","3823":"\\","3824":"r","3825":"\\","3826":"n","3827":" ","3828":" ","3829":" ","3830":" ","3831":" ","3832":" ","3833":" ","3834":" ","3835":" ","3836":" ","3837":" ","3838":" ","3839":"r","3840":"e","3841":"t","3842":"u","3843":"r","3844":"n","3845":" ","3846":"a","3847":"r","3848":"r","3849":"\\","3850":"r","3851":"\\","3852":"n","3853":" ","3854":" ","3855":" ","3856":" ","3857":" ","3858":" ","3859":" ","3860":" ","3861":"}","3862":")","3863":"\\","3864":"r","3865":"\\","3866":"n","3867":" ","3868":" ","3869":" ","3870":" ","3871":" ","3872":" ","3873":" ","3874":" ","3875":"c","3876":"o","3877":"n","3878":"s","3879":"t","3880":" ","3881":"h","3882":"a","3883":"n","3884":"d","3885":"l","3886":"e","3887":"E","3888":"r","3889":"r","3890":"o","3891":"r","3892":" ","3893":"=","3894":" ","3895":"(","3896":")","3897":" ","3898":"=","3899":">","3900":" ","3901":"{","3902":"\\","3903":"r","3904":"\\","3905":"n","3906":" ","3907":" ","3908":" ","3909":" ","3910":" ","3911":" ","3912":" ","3913":" ","3914":" ","3915":" ","3916":" ","3917":" ","3918":"s","3919":"r","3920":"c","3921":".","3922":"v","3923":"a","3924":"l","3925":"u","3926":"e","3927":" ","3928":"=","3929":" ","3930":"r","3931":"e","3932":"q","3933":"u","3934":"i","3935":"r","3936":"e","3937":"(","3938":"'","3939":".","3940":"/","3941":"a","3942":"s","3943":"s","3944":"e","3945":"r","3946":"t","3947":"s","3948":"/","3949":"i","3950":"m","3951":"a","3952":"g","3953":"e","3954":"s","3955":"/","3956":"i","3957":"m","3958":"g","3959":".","3960":"p","3961":"n","3962":"g","3963":"'","3964":")","3965":"\\","3966":"r","3967":"\\","3968":"n","3969":" ","3970":" ","3971":" ","3972":" ","3973":" ","3974":" ","3975":" ","3976":" ","3977":"}","3978":"\\","3979":"r","3980":"\\","3981":"n","3982":" ","3983":" ","3984":" ","3985":" ","3986":" ","3987":" ","3988":" ","3989":" ","3990":"r","3991":"e","3992":"t","3993":"u","3994":"r","3995":"n","3996":" ","3997":"{","3998":"\\","3999":"r","4000":"\\","4001":"n","4002":" ","4003":" ","4004":" ","4005":" ","4006":" ","4007":" ","4008":" ","4009":" ","4010":" ","4011":" ","4012":" ","4013":" ","4014":"s","4015":"r","4016":"c","4017":",","4018":"\\","4019":"r","4020":"\\","4021":"n","4022":" ","4023":" ","4024":" ","4025":" ","4026":" ","4027":" ","4028":" ","4029":" ","4030":" ","4031":" ","4032":" ","4033":" ","4034":"i","4035":"m","4036":"g","4037":"_","4038":"s","4039":"t","4040":"y","4041":"l","4042":"e","4043":"s","4044":",","4045":"\\","4046":"r","4047":"\\","4048":"n","4049":" ","4050":" ","4051":" ","4052":" ","4053":" ","4054":" ","4055":" ","4056":" ","4057":" ","4058":" ","4059":" ","4060":" ","4061":"d","4062":"i","4063":"v","4064":"_","4065":"s","4066":"t","4067":"y","4068":"l","4069":"e","4070":"s","4071":",","4072":"\\","4073":"r","4074":"\\","4075":"n","4076":" ","4077":" ","4078":" ","4079":" ","4080":" ","4081":" ","4082":" ","4083":" ","4084":" ","4085":" ","4086":" ","4087":" ","4088":"c","4089":"l","4090":"a","4091":"s","4092":"s","4093":"e","4094":"s","4095":",","4096":"\\","4097":"r","4098":"\\","4099":"n","4100":" ","4101":" ","4102":" ","4103":" ","4104":" ","4105":" ","4106":" ","4107":" ","4108":" ","4109":" ","4110":" ","4111":" ","4112":"h","4113":"a","4114":"n","4115":"d","4116":"l","4117":"e","4118":"E","4119":"r","4120":"r","4121":"o","4122":"r","4123":"\\","4124":"r","4125":"\\","4126":"n","4127":" ","4128":" ","4129":" ","4130":" ","4131":" ","4132":" ","4133":" ","4134":" ","4135":"}","4136":"\\","4137":"r","4138":"\\","4139":"n","4140":" ","4141":" ","4142":" ","4143":" ","4144":"}","4145":"\\","4146":"r","4147":"\\","4148":"n","4149":"}","4150":")","4151":"\\","4152":"r","4153":"\\","4154":"n","4155":"<","4156":"/","4157":"s","4158":"c","4159":"r","4160":"i","4161":"p","4162":"t","4163":">","4164":"\\","4165":"r","4166":"\\","4167":"n","4168":"<","4169":"s","4170":"t","4171":"y","4172":"l","4173":"e","4174":" ","4175":"l","4176":"a","4177":"n","4178":"g","4179":"=","4180":"\\","4181":"\"","4182":"s","4183":"c","4184":"s","4185":"s","4186":"\\","4187":"\"","4188":" ","4189":"s","4190":"c","4191":"o","4192":"p","4193":"e","4194":"d","4195":">","4196":"\\","4197":"r","4198":"\\","4199":"n","4200":"$","4201":"s","4202":"m","4203":"a","4204":"l","4205":"l","4206":"-","4207":"s","4208":"i","4209":"z","4210":"e","4211":":","4212":" ","4213":"5","4214":"0","4215":"p","4216":"x","4217":";","4218":"\\","4219":"r","4220":"\\","4221":"n","4222":"$","4223":"d","4224":"e","4225":"f","4226":"a","4227":"u","4228":"l","4229":"t","4230":"-","4231":"s","4232":"i","4233":"z","4234":"e","4235":":","4236":" ","4237":"1","4238":"0","4239":"0","4240":"p","4241":"x","4242":";","4243":"\\","4244":"r","4245":"\\","4246":"n","4247":"$","4248":"l","4249":"a","4250":"r","4251":"g","4252":"e","4253":"-","4254":"s","4255":"i","4256":"z","4257":"e","4258":":","4259":" ","4260":"1","4261":"0","4262":"0","4263":"p","4264":"x","4265":";","4266":"\\","4267":"r","4268":"\\","4269":"n","4270":"$","4271":"w","4272":"h","4273":"i","4274":"t","4275":"e","4276":":","4277":" ","4278":"#","4279":"f","4280":"f","4281":"f","4282":";","4283":"\\","4284":"r","4285":"\\","4286":"n","4287":"$","4288":"d","4289":"e","4290":"f","4291":"a","4292":"u","4293":"l","4294":"t","4295":"-","4296":"b","4297":"a","4298":"c","4299":"k","4300":"g","4301":"r","4302":"o","4303":"u","4304":"n","4305":"d","4306":":","4307":" ","4308":"#","4309":"c","4310":"0","4311":"c","4312":"c","4313":"c","4314":"b","4315":";","4316":"\\","4317":"r","4318":"\\","4319":"n","4320":"*","4321":"{","4322":"\\","4323":"r","4324":"\\","4325":"n","4326":" ","4327":" ","4328":" ","4329":" ","4330":"p","4331":"a","4332":"d","4333":"d","4334":"i","4335":"n","4336":"g","4337":":","4338":" ","4339":"0","4340":";","4341":"\\","4342":"r","4343":"\\","4344":"n","4345":" ","4346":" ","4347":" ","4348":" ","4349":"m","4350":"a","4351":"r","4352":"g","4353":"i","4354":"n","4355":":","4356":" ","4357":"0","4358":";","4359":"\\","4360":"r","4361":"\\","4362":"n","4363":"}","4364":"\\","4365":"r","4366":"\\","4367":"n","4368":".","4369":"a","4370":"v","4371":"a","4372":"t","4373":"a","4374":"r","4375":"{","4376":"\\","4377":"r","4378":"\\","4379":"n","4380":" ","4381":" ","4382":" ","4383":" ","4384":"d","4385":"i","4386":"s","4387":"p","4388":"l","4389":"a","4390":"y","4391":":","4392":" ","4393":"i","4394":"n","4395":"l","4396":"i","4397":"n","4398":"e","4399":"-","4400":"b","4401":"l","4402":"o","4403":"c","4404":"k","4405":";","4406":"\\","4407":"r","4408":"\\","4409":"n","4410":" ","4411":" ","4412":" ","4413":" ","4414":"t","4415":"e","4416":"x","4417":"t","4418":"-","4419":"a","4420":"l","4421":"i","4422":"g","4423":"n","4424":":","4425":" ","4426":"c","4427":"e","4428":"n","4429":"t","4430":"e","4431":"r","4432":";","4433":"\\","4434":"r","4435":"\\","4436":"n","4437":" ","4438":" ","4439":" ","4440":" ","4441":"f","4442":"o","4443":"n","4444":"t","4445":"-","4446":"s","4447":"i","4448":"z","4449":"e","4450":":","4451":" ","4452":"1","4453":"0","4454":"0","4455":"%","4456":";","4457":"\\","4458":"r","4459":"\\","4460":"n","4461":" ","4462":" ","4463":" ","4464":" ","4465":"i","4466":"m","4467":"g","4468":"{","4469":"\\","4470":"r","4471":"\\","4472":"n","4473":" ","4474":" ","4475":" ","4476":" ","4477":" ","4478":" ","4479":" ","4480":" ","4481":"w","4482":"i","4483":"d","4484":"t","4485":"h","4486":":","4487":"1","4488":"0","4489":"0","4490":"%","4491":";","4492":"\\","4493":"r","4494":"\\","4495":"n","4496":" ","4497":" ","4498":" ","4499":" ","4500":" ","4501":" ","4502":" ","4503":" ","4504":"h","4505":"e","4506":"i","4507":"g","4508":"h","4509":"t","4510":":","4511":"1","4512":"0","4513":"0","4514":"%","4515":";","4516":"\\","4517":"r","4518":"\\","4519":"n","4520":" ","4521":" ","4522":" ","4523":" ","4524":"}","4525":"\\","4526":"r","4527":"\\","4528":"n","4529":"}","4530":"\\","4531":"r","4532":"\\","4533":"n","4534":".","4535":"a","4536":"v","4537":"a","4538":"t","4539":"a","4540":"r","4541":"-","4542":"d","4543":"e","4544":"f","4545":"a","4546":"u","4547":"l","4548":"t","4549":"{","4550":"\\","4551":"r","4552":"\\","4553":"n","4554":" ","4555":" ","4556":" ","4557":" ","4558":"w","4559":"i","4560":"d","4561":"t","4562":"h","4563":":","4564":" ","4565":"$","4566":"d","4567":"e","4568":"f","4569":"a","4570":"u","4571":"l","4572":"t","4573":"-","4574":"s","4575":"i","4576":"z","4577":"e","4578":";","4579":"\\","4580":"r","4581":"\\","4582":"n","4583":" ","4584":" ","4585":" ","4586":" ","4587":"h","4588":"e","4589":"i","4590":"g","4591":"h","4592":"t","4593":":","4594":" ","4595":"$","4596":"d","4597":"e","4598":"f","4599":"a","4600":"u","4601":"l","4602":"t","4603":"-","4604":"s","4605":"i","4606":"z","4607":"e","4608":";","4609":"\\","4610":"r","4611":"\\","4612":"n","4613":" ","4614":" ","4615":" ","4616":" ","4617":"l","4618":"i","4619":"n","4620":"e","4621":"-","4622":"h","4623":"e","4624":"i","4625":"g","4626":"h","4627":"t","4628":":","4629":" ","4630":"$","4631":"d","4632":"e","4633":"f","4634":"a","4635":"u","4636":"l","4637":"t","4638":"-","4639":"s","4640":"i","4641":"z","4642":"e","4643":";","4644":"\\","4645":"r","4646":"\\","4647":"n","4648":" ","4649":" ","4650":" ","4651":" ","4652":"f","4653":"o","4654":"n","4655":"t","4656":"-","4657":"s","4658":"i","4659":"z","4660":"e","4661":":","4662":" ","4663":"2","4664":"0","4665":"0","4666":"%","4667":";","4668":"\\","4669":"r","4670":"\\","4671":"n","4672":"}","4673":"\\","4674":"r","4675":"\\","4676":"n","4677":".","4678":"a","4679":"v","4680":"a","4681":"t","4682":"a","4683":"r","4684":"-","4685":"l","4686":"a","4687":"r","4688":"g","4689":"e","4690":"{","4691":"\\","4692":"r","4693":"\\","4694":"n","4695":" ","4696":" ","4697":" ","4698":" ","4699":"w","4700":"i","4701":"d","4702":"t","4703":"h","4704":":","4705":"$","4706":"l","4707":"a","4708":"r","4709":"g","4710":"e","4711":"-","4712":"s","4713":"i","4714":"z","4715":"e","4716":";","4717":"\\","4718":"r","4719":"\\","4720":"n","4721":" ","4722":" ","4723":" ","4724":" ","4725":"h","4726":"e","4727":"i","4728":"g","4729":"h","4730":"t","4731":":","4732":" ","4733":"$","4734":"l","4735":"a","4736":"r","4737":"g","4738":"e","4739":"-","4740":"s","4741":"i","4742":"z","4743":"e","4744":";","4745":"\\","4746":"r","4747":"\\","4748":"n","4749":" ","4750":" ","4751":" ","4752":" ","4753":"l","4754":"i","4755":"n","4756":"e","4757":"-","4758":"h","4759":"e","4760":"i","4761":"g","4762":"h","4763":"t","4764":":","4765":" ","4766":"$","4767":"l","4768":"a","4769":"r","4770":"g","4771":"e","4772":"-","4773":"s","4774":"i","4775":"z","4776":"e","4777":";","4778":"\\","4779":"r","4780":"\\","4781":"n","4782":" ","4783":" ","4784":" ","4785":" ","4786":"f","4787":"o","4788":"n","4789":"t","4790":"-","4791":"s","4792":"i","4793":"z","4794":"e","4795":":","4796":" ","4797":"3","4798":"0","4799":"0","4800":"%","4801":";","4802":"\\","4803":"r","4804":"\\","4805":"n","4806":"}","4807":"\\","4808":"r","4809":"\\","4810":"n","4811":".","4812":"a","4813":"v","4814":"a","4815":"t","4816":"a","4817":"r","4818":"-","4819":"s","4820":"m","4821":"a","4822":"l","4823":"l","4824":"{","4825":"\\","4826":"r","4827":"\\","4828":"n","4829":" ","4830":" ","4831":" ","4832":" ","4833":"w","4834":"i","4835":"d","4836":"t","4837":"h","4838":":","4839":" ","4840":"$","4841":"s","4842":"m","4843":"a","4844":"l","4845":"l","4846":"-","4847":"s","4848":"i","4849":"z","4850":"e","4851":";","4852":"\\","4853":"r","4854":"\\","4855":"n","4856":" ","4857":" ","4858":" ","4859":" ","4860":"h","4861":"e","4862":"i","4863":"g","4864":"h","4865":"t","4866":":","4867":" ","4868":"$","4869":"s","4870":"m","4871":"a","4872":"l","4873":"l","4874":"-","4875":"s","4876":"i","4877":"z","4878":"e","4879":";","4880":"\\","4881":"r","4882":"\\","4883":"n","4884":" ","4885":" ","4886":" ","4887":" ","4888":"l","4889":"i","4890":"n","4891":"e","4892":"-","4893":"h","4894":"e","4895":"i","4896":"g","4897":"h","4898":"t","4899":":","4900":" ","4901":"$","4902":"s","4903":"m","4904":"a","4905":"l","4906":"l","4907":"-","4908":"s","4909":"i","4910":"z","4911":"e","4912":";","4913":"\\","4914":"r","4915":"\\","4916":"n","4917":"}","4918":"\\","4919":"r","4920":"\\","4921":"n","4922":"<","4923":"/","4924":"s","4925":"t","4926":"y","4927":"l","4928":"e","4929":">","4930":"\"","4931":"]","4932":"}"},"_coverageSchema":"1a1c01bbd47fc00a2c39e90264f33305004495a9","hash":"f5fb1b800fb7c583d4aaa51b8686bc45738219f1"}
,"E:\\Vue_NotJs\\青训营大项目\\reed-d\\components\\lib\\button2\\index.ts": {"path":"E:\\Vue_NotJs\\青训营大项目\\reed-d\\components\\lib\\button2\\index.ts","statementMap":{"0":{"start":{"line":2,"column":0},"end":{"line":2,"column":null}},"1":{"start":{"line":3,"column":0},"end":{"line":5,"column":null}},"2":{"start":{"line":4,"column":2},"end":{"line":4,"column":null}},"3":{"start":{"line":6,"column":0},"end":{"line":6,"column":null}}},"fnMap":{"0":{"name":"(anonymous_1)","decl":{"start":{"line":3,"column":19},"end":{"line":3,"column":27}},"loc":{"start":{"line":3,"column":37},"end":{"line":5,"column":1}}}},"branchMap":{},"s":{"0":1,"1":1,"2":0,"3":1},"f":{"0":0},"b":{}}
,"E:\\Vue_NotJs\\青训营大项目\\reed-d\\components\\lib\\button2\\src\\main.vue": {"path":"E:\\Vue_NotJs\\青训营大项目\\reed-d\\components\\lib\\button2\\src\\main.vue","statementMap":{"0":{"start":{"line":3,"column":0},"end":{"line":5,"column":3}},"1":{"start":{"line":6,"column":12},"end":{"line":6,"column":26}},"2":{"start":{"line":7,"column":0},"end":{"line":21,"column":3}},"3":{"start":{"line":16,"column":15},"end":{"line":16,"column":44}},"4":{"start":{"line":17,"column":4},"end":{"line":19,"column":6}},"5":{"start":{"line":22,"column":0},"end":{"line":22,"column":13}},"6":{"start":{"line":23,"column":0},"end":{"line":23,"column":62}},"7":{"start":{"line":24,"column":0},"end":{"line":24,"column":24}},"8":{"start":{"line":25,"column":12},"end":{"line":25,"column":26}},"9":{"start":{"line":27,"column":4},"end":{"line":31,"column":23}},"10":{"start":{"line":33,"column":0},"end":{"line":33,"column":24}},"11":{"start":{"line":34,"column":1},"end":{"line":34,"column":48}}},"fnMap":{"0":{"name":"(anonymous_0)","decl":{"start":{"line":15,"column":9},"end":{"line":15,"column":10}},"loc":{"start":{"line":15,"column":26},"end":{"line":20,"column":3}},"line":15},"1":{"name":"render","decl":{"start":{"line":26,"column":9},"end":{"line":26,"column":15}},"loc":{"start":{"line":26,"column":30},"end":{"line":32,"column":1}},"line":26}},"branchMap":{},"s":{"0":1,"1":1,"2":1,"3":1,"4":1,"5":1,"6":1,"7":1,"8":1,"9":1,"10":1,"11":1},"f":{"0":1,"1":1},"b":{},"inputSourceMap":{"0":"{","1":"\"","2":"v","3":"e","4":"r","5":"s","6":"i","7":"o","8":"n","9":"\"","10":":","11":"3","12":",","13":"\"","14":"s","15":"o","16":"u","17":"r","18":"c","19":"e","20":"s","21":"\"","22":":","23":"[","24":"\"","25":"E","26":":","27":"\\","28":"\\","29":"V","30":"u","31":"e","32":"_","33":"N","34":"o","35":"t","36":"J","37":"s","38":"\\","39":"\\","40":"青","41":"训","42":"营","43":"大","44":"项","45":"目","46":"\\","47":"\\","48":"r","49":"e","50":"e","51":"d","52":"-","53":"d","54":"\\","55":"\\","56":"c","57":"o","58":"m","59":"p","60":"o","61":"n","62":"e","63":"n","64":"t","65":"s","66":"\\","67":"\\","68":"l","69":"i","70":"b","71":"\\","72":"\\","73":"b","74":"u","75":"t","76":"t","77":"o","78":"n","79":"2","80":"\\","81":"\\","82":"s","83":"r","84":"c","85":"\\","86":"\\","87":"m","88":"a","89":"i","90":"n","91":".","92":"v","93":"u","94":"e","95":"\"","96":"]","97":",","98":"\"","99":"n","100":"a","101":"m","102":"e","103":"s","104":"\"","105":":","106":"[","107":"]","108":",","109":"\"","110":"m","111":"a","112":"p","113":"p","114":"i","115":"n","116":"g","117":"s","118":"\"","119":":","120":"\"","121":";","122":";","123":";","124":";","125":";","126":"A","127":"A","128":"O","129":"A","130":";","131":"A","132":"A","133":"C","134":"A","135":",","136":"k","137":"B","138":"A","139":"A","140":"e","141":",","142":"y","143":"B","144":"A","145":"A","146":"e","147":",","148":"E","149":"A","150":"A","151":"C","152":";","153":"E","154":"A","155":"C","156":"7","157":"B","158":",","159":"I","160":"A","161":"A","162":"I","163":",","164":"E","165":"A","166":"A","167":"E","168":",","169":"S","170":"A","171":"A","172":"S","173":";","174":"E","175":"A","176":"C","177":"f","178":",","179":"K","180":"A","181":"A","182":"K","183":",","184":"E","185":"A","186":"A","187":"E","188":";","189":"I","190":"A","191":"C","192":"L","193":",","194":"O","195":"A","196":"A","197":"O","198":",","199":"E","200":"A","201":"A","202":"E","203":";","204":"M","205":"A","206":"C","207":"P","208":",","209":"I","210":"A","211":"A","212":"I","213":",","214":"E","215":"A","216":"A","217":"E","218":",","219":"M","220":"A","221":"A","222":"M","223":";","224":"M","225":"A","226":"C","227":"Z","228":",","229":"O","230":"A","231":"A","232":"O","233":",","234":"E","235":"A","236":"A","237":"E","238":";","239":";","240":"G","241":"A","242":"E","243":"Z","244":";","245":"E","246":"A","247":"C","248":"D","249":",","250":"K","251":"A","252":"A","253":"K","254":",","255":"E","256":"A","257":"A","258":"L","259":",","260":"U","261":"A","262":"A","263":"M","264":",","265":"K","266":"A","267":"A","268":"K","269":";","270":"I","271":"A","272":"C","273":"T","274":",","275":"I","276":"A","277":"A","278":"M","279":",","280":"I","281":"A","282":"A","283":"I","284":",","285":"G","286":"A","287":"A","288":"G","289":",","290":"a","291":"A","292":"A","293":"G","294":",","295":"E","296":"A","297":"A","298":"q","299":"B","300":",","301":"K","302":"A","303":"A","304":"K","305":",","306":"C","307":"A","308":"A","309":"C","310":",","311":"O","312":"A","313":"A","314":"O","315":",","316":"C","317":"A","318":"A","319":"C","320":";","321":"I","322":"A","323":"C","324":"n","325":"D","326":",","327":"O","328":"A","329":"A","330":"O","331":";","332":"M","333":"A","334":"C","335":"L","336":",","337":"I","338":"A","339":"A","340":"I","341":";","342":"K","343":"A","344":"C","345":"L","346":";","347":"E","348":"A","349":"C","350":"H","351":";","352":"C","353":"A","354":"C","355":"D","356":",","357":"C","358":"A","359":"A","360":"C","361":"\"","362":",","363":"\"","364":"f","365":"i","366":"l","367":"e","368":"\"","369":":","370":"\"","371":"E","372":":","373":"\\","374":"\\","375":"V","376":"u","377":"e","378":"_","379":"N","380":"o","381":"t","382":"J","383":"s","384":"\\","385":"\\","386":"青","387":"训","388":"营","389":"大","390":"项","391":"目","392":"\\","393":"\\","394":"r","395":"e","396":"e","397":"d","398":"-","399":"d","400":"\\","401":"\\","402":"c","403":"o","404":"m","405":"p","406":"o","407":"n","408":"e","409":"n","410":"t","411":"s","412":"\\","413":"\\","414":"l","415":"i","416":"b","417":"\\","418":"\\","419":"b","420":"u","421":"t","422":"t","423":"o","424":"n","425":"2","426":"\\","427":"\\","428":"s","429":"r","430":"c","431":"\\","432":"\\","433":"m","434":"a","435":"i","436":"n","437":".","438":"v","439":"u","440":"e","441":"\"","442":",","443":"\"","444":"s","445":"o","446":"u","447":"r","448":"c","449":"e","450":"s","451":"C","452":"o","453":"n","454":"t","455":"e","456":"n","457":"t","458":"\"","459":":","460":"[","461":"\"","462":"<","463":"t","464":"e","465":"m","466":"p","467":"l","468":"a","469":"t","470":"e","471":">","472":"\\","473":"r","474":"\\","475":"n","476":" ","477":" ","478":"<","479":"b","480":"u","481":"t","482":"t","483":"o","484":"n","485":" ","486":":","487":"c","488":"l","489":"a","490":"s","491":"s","492":"=","493":"\\","494":"\"","495":"'","496":"b","497":"t","498":"n","499":"2","500":" ","501":"'","502":" ","503":"+","504":" ","505":"t","506":"y","507":"p","508":"e","509":"\\","510":"\"","511":">","512":"\\","513":"r","514":"\\","515":"n","516":" ","517":" ","518":" ","519":" ","520":"<","521":"s","522":"l","523":"o","524":"t","525":">","526":"<","527":"/","528":"s","529":"l","530":"o","531":"t","532":">","533":"\\","534":"r","535":"\\","536":"n","537":" ","538":" ","539":"<","540":"/","541":"b","542":"u","543":"t","544":"t","545":"o","546":"n","547":">","548":"\\","549":"r","550":"\\","551":"n","552":"<","553":"/","554":"t","555":"e","556":"m","557":"p","558":"l","559":"a","560":"t","561":"e","562":">","563":"\\","564":"r","565":"\\","566":"n","567":"\\","568":"r","569":"\\","570":"n","571":"<","572":"s","573":"c","574":"r","575":"i","576":"p","577":"t","578":" ","579":"l","580":"a","581":"n","582":"g","583":"=","584":"\\","585":"\"","586":"t","587":"s","588":"\\","589":"\"","590":">","591":"\\","592":"r","593":"\\","594":"n","595":"i","596":"m","597":"p","598":"o","599":"r","600":"t","601":" ","602":"{","603":" ","604":"d","605":"e","606":"f","607":"i","608":"n","609":"e","610":"C","611":"o","612":"m","613":"p","614":"o","615":"n","616":"e","617":"n","618":"t","619":",","620":" ","621":"r","622":"e","623":"f","624":" ","625":"}","626":" ","627":"f","628":"r","629":"o","630":"m","631":" ","632":"\\","633":"\"","634":"v","635":"u","636":"e","637":"\\","638":"\"","639":";","640":"\\","641":"r","642":"\\","643":"n","644":"e","645":"x","646":"p","647":"o","648":"r","649":"t","650":" ","651":"d","652":"e","653":"f","654":"a","655":"u","656":"l","657":"t","658":" ","659":"d","660":"e","661":"f","662":"i","663":"n","664":"e","665":"C","666":"o","667":"m","668":"p","669":"o","670":"n","671":"e","672":"n","673":"t","674":"(","675":"{","676":"\\","677":"r","678":"\\","679":"n","680":" ","681":" ","682":"n","683":"a","684":"m","685":"e","686":":","687":" ","688":"\\","689":"\"","690":"g","691":"B","692":"u","693":"t","694":"t","695":"o","696":"n","697":"\\","698":"\"","699":",","700":"\\","701":"r","702":"\\","703":"n","704":" ","705":" ","706":"p","707":"r","708":"o","709":"p","710":"s","711":":","712":" ","713":"{","714":"\\","715":"r","716":"\\","717":"n","718":" ","719":" ","720":" ","721":" ","722":"b","723":"t","724":"n","725":"T","726":"y","727":"p","728":"e","729":":","730":" ","731":"{","732":"\\","733":"r","734":"\\","735":"n","736":" ","737":" ","738":" ","739":" ","740":" ","741":" ","742":"t","743":"y","744":"p","745":"e","746":":","747":" ","748":"S","749":"t","750":"r","751":"i","752":"n","753":"g","754":",","755":"\\","756":"r","757":"\\","758":"n","759":" ","760":" ","761":" ","762":" ","763":" ","764":" ","765":"d","766":"e","767":"f","768":"a","769":"u","770":"l","771":"t","772":":","773":" ","774":"\\","775":"\"","776":"d","777":"e","778":"f","779":"a","780":"u","781":"l","782":"t","783":"\\","784":"\"","785":",","786":"\\","787":"r","788":"\\","789":"n","790":" ","791":" ","792":" ","793":" ","794":"}","795":",","796":"\\","797":"r","798":"\\","799":"n","800":" ","801":" ","802":"}","803":",","804":"\\","805":"r","806":"\\","807":"n","808":" ","809":" ","810":"s","811":"e","812":"t","813":"u","814":"p","815":"(","816":"p","817":"r","818":"o","819":"p","820":"s","821":")","822":" ","823":"{","824":"\\","825":"r","826":"\\","827":"n","828":" ","829":" ","830":" ","831":" ","832":"c","833":"o","834":"n","835":"s","836":"t","837":" ","838":"t","839":"y","840":"p","841":"e","842":" ","843":"=","844":" ","845":"r","846":"e","847":"f","848":"<","849":"s","850":"t","851":"r","852":"i","853":"n","854":"g","855":" ","856":"|","857":" ","858":"u","859":"n","860":"d","861":"e","862":"f","863":"i","864":"n","865":"e","866":"d","867":">","868":"(","869":"p","870":"r","871":"o","872":"p","873":"s","874":".","875":"b","876":"t","877":"n","878":"T","879":"y","880":"p","881":"e","882":")","883":";","884":"\\","885":"r","886":"\\","887":"n","888":" ","889":" ","890":" ","891":" ","892":"r","893":"e","894":"t","895":"u","896":"r","897":"n","898":" ","899":"{","900":"\\","901":"r","902":"\\","903":"n","904":" ","905":" ","906":" ","907":" ","908":" ","909":" ","910":"t","911":"y","912":"p","913":"e","914":",","915":"\\","916":"r","917":"\\","918":"n","919":" ","920":" ","921":" ","922":" ","923":"}","924":";","925":"\\","926":"r","927":"\\","928":"n","929":" ","930":" ","931":"}","932":",","933":"\\","934":"r","935":"\\","936":"n","937":"}","938":")","939":";","940":"\\","941":"r","942":"\\","943":"n","944":"<","945":"/","946":"s","947":"c","948":"r","949":"i","950":"p","951":"t","952":">","953":"\\","954":"r","955":"\\","956":"n","957":"\\","958":"r","959":"\\","960":"n","961":"<","962":"s","963":"t","964":"y","965":"l","966":"e","967":" ","968":"l","969":"a","970":"n","971":"g","972":"=","973":"\\","974":"\"","975":"s","976":"c","977":"s","978":"s","979":"\\","980":"\"","981":" ","982":"s","983":"c","984":"o","985":"p","986":"e","987":"d","988":">","989":"\\","990":"r","991":"\\","992":"n","993":".","994":"b","995":"t","996":"n","997":"2","998":" ","999":"{","1000":"\\","1001":"r","1002":"\\","1003":"n","1004":" ","1005":" ","1006":"m","1007":"a","1008":"r","1009":"g","1010":"i","1011":"n","1012":":","1013":" ","1014":"1","1015":"0","1016":"p","1017":"x","1018":";","1019":"\\","1020":"r","1021":"\\","1022":"n","1023":" ","1024":" ","1025":"b","1026":"o","1027":"r","1028":"d","1029":"e","1030":"r","1031":"-","1032":"w","1033":"i","1034":"d","1035":"t","1036":"h","1037":":","1038":" ","1039":"0","1040":";","1041":"\\","1042":"r","1043":"\\","1044":"n","1045":" ","1046":" ","1047":"b","1048":"o","1049":"r","1050":"d","1051":"e","1052":"r","1053":"-","1054":"r","1055":"a","1056":"d","1057":"i","1058":"u","1059":"s","1060":":","1061":" ","1062":"1","1063":"5","1064":"p","1065":"x","1066":";","1067":"\\","1068":"r","1069":"\\","1070":"n","1071":" ","1072":" ","1073":"p","1074":"a","1075":"d","1076":"d","1077":"i","1078":"n","1079":"g","1080":":","1081":" ","1082":"1","1083":"0","1084":"p","1085":"x","1086":" ","1087":"2","1088":"0","1089":"p","1090":"x","1091":";","1092":"\\","1093":"r","1094":"\\","1095":"n","1096":" ","1097":" ","1098":"c","1099":"o","1100":"l","1101":"o","1102":"r","1103":":","1104":" ","1105":"w","1106":"h","1107":"i","1108":"t","1109":"e","1110":";","1111":"\\","1112":"r","1113":"\\","1114":"n","1115":" ","1116":" ","1117":"&","1118":":","1119":"h","1120":"o","1121":"v","1122":"e","1123":"r","1124":" ","1125":"{","1126":"\\","1127":"r","1128":"\\","1129":"n","1130":" ","1131":" ","1132":" ","1133":" ","1134":"c","1135":"o","1136":"l","1137":"o","1138":"r","1139":":","1140":" ","1141":"a","1142":"n","1143":"t","1144":"i","1145":"q","1146":"u","1147":"e","1148":"w","1149":"h","1150":"i","1151":"t","1152":"e","1153":";","1154":"\\","1155":"r","1156":"\\","1157":"n","1158":" ","1159":" ","1160":"}","1161":"\\","1162":"r","1163":"\\","1164":"n","1165":"}","1166":"\\","1167":"r","1168":"\\","1169":"n","1170":".","1171":"s","1172":"u","1173":"c","1174":"c","1175":"e","1176":"s","1177":"s","1178":" ","1179":"{","1180":"\\","1181":"r","1182":"\\","1183":"n","1184":" ","1185":" ","1186":"b","1187":"a","1188":"c","1189":"k","1190":"g","1191":"r","1192":"o","1193":"u","1194":"n","1195":"d","1196":"-","1197":"c","1198":"o","1199":"l","1200":"o","1201":"r","1202":":","1203":" ","1204":"g","1205":"r","1206":"e","1207":"e","1208":"n","1209":";","1210":"\\","1211":"r","1212":"\\","1213":"n","1214":"}","1215":"\\","1216":"r","1217":"\\","1218":"n","1219":".","1220":"d","1221":"e","1222":"f","1223":"a","1224":"u","1225":"l","1226":"t","1227":" ","1228":"{","1229":"\\","1230":"r","1231":"\\","1232":"n","1233":" ","1234":" ","1235":"b","1236":"a","1237":"c","1238":"k","1239":"g","1240":"r","1241":"o","1242":"u","1243":"n","1244":"d","1245":"-","1246":"c","1247":"o","1248":"l","1249":"o","1250":"r","1251":":","1252":" ","1253":"b","1254":"l","1255":"u","1256":"e","1257":";","1258":"\\","1259":"r","1260":"\\","1261":"n","1262":"}","1263":"\\","1264":"r","1265":"\\","1266":"n","1267":".","1268":"w","1269":"a","1270":"r","1271":"n","1272":"i","1273":"n","1274":"g","1275":" ","1276":"{","1277":"\\","1278":"r","1279":"\\","1280":"n","1281":" ","1282":" ","1283":"b","1284":"a","1285":"c","1286":"k","1287":"g","1288":"r","1289":"o","1290":"u","1291":"n","1292":"d","1293":"-","1294":"c","1295":"o","1296":"l","1297":"o","1298":"r","1299":":","1300":" ","1301":"o","1302":"r","1303":"a","1304":"n","1305":"g","1306":"e","1307":";","1308":"\\","1309":"r","1310":"\\","1311":"n","1312":"}","1313":"\\","1314":"r","1315":"\\","1316":"n","1317":"<","1318":"/","1319":"s","1320":"t","1321":"y","1322":"l","1323":"e","1324":">","1325":"\\","1326":"r","1327":"\\","1328":"n","1329":"\"","1330":"]","1331":"}"},"_coverageSchema":"1a1c01bbd47fc00a2c39e90264f33305004495a9","hash":"220f93ca62012f26d985a30a0244522b9b3adde1"}
}
