TN:
SF:components\lib\avatar\src\main.vue
FN:37,(anonymous_0)
FN:46,(anonymous_1)
FN:51,(anonymous_2)
FN:64,(anonymous_3)
FN:69,(anonymous_4)
FN:86,render
FN:98,(anonymous_6)
FNF:7
FNH:5
FNDA:2,(anonymous_0)
FNDA:1,(anonymous_1)
FNDA:2,(anonymous_2)
FNDA:2,(anonymous_3)
FNDA:0,(anonymous_4)
FNDA:2,render
FNDA:0,(anonymous_6)
DA:5,1
DA:8,1
DA:9,1
DA:38,2
DA:39,2
DA:40,2
DA:41,2
DA:42,2
DA:43,2
DA:44,2
DA:45,2
DA:46,2
DA:47,1
DA:51,2
DA:52,2
DA:64,2
DA:65,2
DA:66,2
DA:67,2
DA:69,2
DA:70,0
DA:72,2
DA:81,1
DA:82,1
DA:83,1
DA:84,1
DA:85,1
DA:87,2
DA:99,0
DA:100,0
DA:101,0
DA:103,0
DA:110,1
DA:111,1
LF:34
LH:29
BRDA:48,0,0,1
BRDA:48,0,1,0
BRDA:54,1,0,1
BRDA:54,1,1,1
BRDA:55,2,0,1
BRDA:55,2,1,1
BRDA:56,3,0,1
BRDA:56,3,1,1
BRDA:58,4,0,1
BRDA:58,4,1,1
BRDA:59,5,0,0
BRDA:59,5,1,2
BRDA:60,6,0,0
BRDA:60,6,1,2
BRDA:61,7,0,0
BRDA:61,7,1,2
BRDA:66,8,0,2
BRDA:66,8,1,0
BRDA:91,9,0,1
BRDA:91,9,1,1
BRDA:96,10,0,1
BRDA:96,10,1,1
BRDA:103,11,0,0
BRDA:103,11,1,0
BRF:24
BRH:17
end_of_record
TN:
SF:components\lib\button2\index.ts
FN:3,(anonymous_1)
FNF:1
FNH:0
FNDA:0,(anonymous_1)
DA:2,1
DA:3,1
DA:4,0
DA:6,1
LF:4
LH:3
BRF:0
BRH:0
end_of_record
TN:
SF:components\lib\button2\src\main.vue
FN:15,(anonymous_0)
FN:26,render
FNF:2
FNH:2
FNDA:1,(anonymous_0)
FNDA:1,render
DA:3,1
DA:6,1
DA:7,1
DA:16,1
DA:17,1
DA:22,1
DA:23,1
DA:24,1
DA:25,1
DA:27,1
DA:33,1
DA:34,1
LF:12
LH:12
BRF:0
BRH:0
end_of_record
